Vivado Simulator 2017.2
Copyright 1986-1999, 2001-2016 Xilinx, Inc. All Rights Reserved.
Running: C:/Xilinx/Vivado/2017.2/bin/unwrapped/win64.o/xelab.exe -wto 5d1027862965459192831195dc0b3e16 --debug typical --relax --mt 2 -L xil_defaultlib -L unisims_ver -L unimacro_ver -L secureip --snapshot top_tb_behav xil_defaultlib.top_tb xil_defaultlib.glbl -log elaborate.log 
Using 2 slave threads.
Starting static elaboration
Completed static elaboration
Starting simulation data flow analysis
Completed simulation data flow analysis
Time Resolution for simulation is 1ps
Compiling module xil_defaultlib.clkdiv
Compiling module xil_defaultlib.ProgramCounter
Compiling module xil_defaultlib.PCAdder
Compiling module xil_defaultlib.InstructionMemory
Compiling module xil_defaultlib.Control
Compiling module xil_defaultlib.Registers
Compiling module xil_defaultlib.SignExtender
Compiling module xil_defaultlib.ALU
Compiling module xil_defaultlib.mux16
Compiling module xil_defaultlib.ALUControl
Compiling module xil_defaultlib.SignShift
Compiling module xil_defaultlib.BranchAdder
Compiling module xil_defaultlib.DataMemory
Compiling module xil_defaultlib.top
Compiling module xil_defaultlib.top_tb
Compiling module xil_defaultlib.glbl
Built simulation snapshot top_tb_behav
